<?xml version="1.0" encoding="UTF-8"?>
<testsuite name="tests.SearchTests" tests="4" skipped="0" failures="0" errors="0" timestamp="2023-12-16T15:46:30" hostname="MBP-olga" time="20.02">
  <properties/>
  <testcase name="SearchTestsDateString" classname="tests.SearchTests" time="3.335"/>
  <testcase name="SearchTestsFormPeriodDaysDatePicker" classname="tests.SearchTests" time="4.038"/>
  <testcase name="SearchTestsFormPeriodYearsDate" classname="tests.SearchTests" time="7.735"/>
  <testcase name="SearchTestsMyMethod" classname="tests.SearchTests" time="4.286"/>
  <system-out><![CDATA[17:46:30.288 [Test worker] INFO  manager.TestNgListeners - TestNG event onTestStart getName: SearchTestsDateString
17:46:30.288 [Test worker] INFO  manager.TestNgListeners - TestNG event onTestStart getHost: null
17:46:30.288 [Test worker] INFO  manager.TestNgListeners - TestNG event onTestStart getTestContext: org.testng.TestRunner@7d986d83
17:46:33.623 [Test worker] INFO  manager.TestNgListeners - Test SearchTestsDateString  successful
17:46:33.624 [Test worker] INFO  manager.TestNgListeners - TestNG event onTestSuccess getTestContext: org.testng.TestRunner@7d986d83
17:46:33.891 [Test worker] INFO  tests.TestBase - ================================================================================================================
17:46:33.892 [Test worker] INFO  manager.TestNgListeners - TestNG event onTestStart getName: SearchTestsFormPeriodDaysDatePicker
17:46:33.892 [Test worker] INFO  manager.TestNgListeners - TestNG event onTestStart getHost: null
17:46:33.892 [Test worker] INFO  manager.TestNgListeners - TestNG event onTestStart getTestContext: org.testng.TestRunner@7d986d83
17:46:37.930 [Test worker] INFO  manager.TestNgListeners - Test SearchTestsFormPeriodDaysDatePicker  successful
17:46:37.931 [Test worker] INFO  manager.TestNgListeners - TestNG event onTestSuccess getTestContext: org.testng.TestRunner@7d986d83
17:46:38.106 [Test worker] INFO  tests.TestBase - ================================================================================================================
17:46:38.106 [Test worker] INFO  manager.TestNgListeners - TestNG event onTestStart getName: SearchTestsFormPeriodYearsDate
17:46:38.106 [Test worker] INFO  manager.TestNgListeners - TestNG event onTestStart getHost: null
17:46:38.106 [Test worker] INFO  manager.TestNgListeners - TestNG event onTestStart getTestContext: org.testng.TestRunner@7d986d83
17:46:45.842 [Test worker] INFO  manager.TestNgListeners - Test SearchTestsFormPeriodYearsDate  successful
17:46:45.842 [Test worker] INFO  manager.TestNgListeners - TestNG event onTestSuccess getTestContext: org.testng.TestRunner@7d986d83
17:46:46.022 [Test worker] INFO  tests.TestBase - ================================================================================================================
17:46:46.022 [Test worker] INFO  manager.TestNgListeners - TestNG event onTestStart getName: SearchTestsMyMethod
17:46:46.022 [Test worker] INFO  manager.TestNgListeners - TestNG event onTestStart getHost: null
17:46:46.022 [Test worker] INFO  manager.TestNgListeners - TestNG event onTestStart getTestContext: org.testng.TestRunner@7d986d83
17:46:50.308 [Test worker] INFO  manager.TestNgListeners - Test SearchTestsMyMethod  successful
17:46:50.308 [Test worker] INFO  manager.TestNgListeners - TestNG event onTestSuccess getTestContext: org.testng.TestRunner@7d986d83
17:46:50.421 [Test worker] INFO  tests.TestBase - ================================================================================================================
]]></system-out>
  <system-err><![CDATA[]]></system-err>
</testsuite>
