<?xml version="1.0" encoding="UTF-8"?>
<testsuite name="tests.LoginTests" tests="7" skipped="0" failures="0" errors="0" timestamp="2023-12-16T15:45:30" hostname="MBP-olga" time="10.417">
  <properties/>
  <testcase name="loginPositiveUser[0](models.User@61f377d1)" classname="tests.LoginTests" time="1.392"/>
  <testcase name="loginPositiveUser[1](models.User@4e4162bc)" classname="tests.LoginTests" time="1.253"/>
  <testcase name="loginPositiveUser2[0](models.User@26c77f54)" classname="tests.LoginTests" time="1.265"/>
  <testcase name="loginPositiveUser2[1](models.User@6075b369)" classname="tests.LoginTests" time="1.258"/>
  <testcase name="loginPositiveUserDTO[0](models.User@2017f6e6)" classname="tests.LoginTests" time="1.272"/>
  <testcase name="loginPositiveUserDTO[1](models.User@9d3d54e)" classname="tests.LoginTests" time="1.296"/>
  <testcase name="loginPositiveUserLombok" classname="tests.LoginTests" time="1.258"/>
  <system-out><![CDATA[17:45:30.482 [Test worker] INFO  manager.TestNgListeners - TestNG event onTestStart getName: loginPositiveUser
17:45:30.482 [Test worker] INFO  manager.TestNgListeners - TestNG event onTestStart getHost: null
17:45:30.482 [Test worker] INFO  manager.TestNgListeners - TestNG event onTestStart getTestContext: org.testng.TestRunner@7d986d83
17:45:31.417 [Test worker] INFO  tests.TestBase - flagNeedLogout = true
17:45:31.417 [Test worker] INFO  tests.TestBase -  loginPositiveUser starts with credentials nefr42@gmail.com Rita12345$
17:45:31.874 [Test worker] INFO  manager.TestNgListeners - Test loginPositiveUser  successful
17:45:31.874 [Test worker] INFO  manager.TestNgListeners - TestNG event onTestSuccess getTestContext: org.testng.TestRunner@7d986d83
17:45:32.108 [Test worker] INFO  tests.TestBase - flagNeedLogout = false
17:45:32.109 [Test worker] INFO  tests.TestBase - method info: loginPositiveUser
17:45:32.110 [Test worker] INFO  tests.TestBase - ================================================================================================================
17:45:32.111 [Test worker] INFO  manager.TestNgListeners - TestNG event onTestStart getName: loginPositiveUser
17:45:32.111 [Test worker] INFO  manager.TestNgListeners - TestNG event onTestStart getHost: null
17:45:32.111 [Test worker] INFO  manager.TestNgListeners - TestNG event onTestStart getTestContext: org.testng.TestRunner@7d986d83
17:45:33.070 [Test worker] INFO  tests.TestBase - flagNeedLogout = true
17:45:33.071 [Test worker] INFO  tests.TestBase -  loginPositiveUser starts with credentials nefr597@gmail.com Rita12300$
17:45:33.364 [Test worker] INFO  manager.TestNgListeners - Test loginPositiveUser  successful
17:45:33.364 [Test worker] INFO  manager.TestNgListeners - TestNG event onTestSuccess getTestContext: org.testng.TestRunner@7d986d83
17:45:33.592 [Test worker] INFO  tests.TestBase - flagNeedLogout = false
17:45:33.593 [Test worker] INFO  tests.TestBase - method info: loginPositiveUser
17:45:33.595 [Test worker] INFO  tests.TestBase - ================================================================================================================
17:45:33.596 [Test worker] INFO  manager.TestNgListeners - TestNG event onTestStart getName: loginPositiveUser2
17:45:33.597 [Test worker] INFO  manager.TestNgListeners - TestNG event onTestStart getHost: null
17:45:33.597 [Test worker] INFO  manager.TestNgListeners - TestNG event onTestStart getTestContext: org.testng.TestRunner@7d986d83
17:45:34.861 [Test worker] INFO  manager.TestNgListeners - Test loginPositiveUser2  successful
17:45:34.861 [Test worker] INFO  manager.TestNgListeners - TestNG event onTestSuccess getTestContext: org.testng.TestRunner@7d986d83
17:45:35.097 [Test worker] INFO  tests.TestBase - flagNeedLogout = false
17:45:35.098 [Test worker] INFO  tests.TestBase - method info: loginPositiveUser2
17:45:35.099 [Test worker] INFO  tests.TestBase - ================================================================================================================
17:45:35.100 [Test worker] INFO  manager.TestNgListeners - TestNG event onTestStart getName: loginPositiveUser2
17:45:35.100 [Test worker] INFO  manager.TestNgListeners - TestNG event onTestStart getHost: null
17:45:35.100 [Test worker] INFO  manager.TestNgListeners - TestNG event onTestStart getTestContext: org.testng.TestRunner@7d986d83
17:45:36.358 [Test worker] INFO  manager.TestNgListeners - Test loginPositiveUser2  successful
17:45:36.359 [Test worker] INFO  manager.TestNgListeners - TestNG event onTestSuccess getTestContext: org.testng.TestRunner@7d986d83
17:45:36.593 [Test worker] INFO  tests.TestBase - flagNeedLogout = false
17:45:36.593 [Test worker] INFO  tests.TestBase - method info: loginPositiveUser2
17:45:36.594 [Test worker] INFO  tests.TestBase - ================================================================================================================
17:45:36.595 [Test worker] INFO  manager.TestNgListeners - TestNG event onTestStart getName: loginPositiveUserDTO
17:45:36.595 [Test worker] INFO  manager.TestNgListeners - TestNG event onTestStart getHost: null
17:45:36.595 [Test worker] INFO  manager.TestNgListeners - TestNG event onTestStart getTestContext: org.testng.TestRunner@7d986d83
17:45:37.867 [Test worker] INFO  manager.TestNgListeners - Test loginPositiveUserDTO  successful
17:45:37.867 [Test worker] INFO  manager.TestNgListeners - TestNG event onTestSuccess getTestContext: org.testng.TestRunner@7d986d83
17:45:38.105 [Test worker] INFO  tests.TestBase - flagNeedLogout = false
17:45:38.106 [Test worker] INFO  tests.TestBase - method info: loginPositiveUserDTO
17:45:38.107 [Test worker] INFO  tests.TestBase - ================================================================================================================
17:45:38.108 [Test worker] INFO  manager.TestNgListeners - TestNG event onTestStart getName: loginPositiveUserDTO
17:45:38.108 [Test worker] INFO  manager.TestNgListeners - TestNG event onTestStart getHost: null
17:45:38.108 [Test worker] INFO  manager.TestNgListeners - TestNG event onTestStart getTestContext: org.testng.TestRunner@7d986d83
17:45:39.404 [Test worker] INFO  manager.TestNgListeners - Test loginPositiveUserDTO  successful
17:45:39.404 [Test worker] INFO  manager.TestNgListeners - TestNG event onTestSuccess getTestContext: org.testng.TestRunner@7d986d83
17:45:39.638 [Test worker] INFO  tests.TestBase - flagNeedLogout = false
17:45:39.639 [Test worker] INFO  tests.TestBase - method info: loginPositiveUserDTO
17:45:39.640 [Test worker] INFO  tests.TestBase - ================================================================================================================
17:45:39.641 [Test worker] INFO  manager.TestNgListeners - TestNG event onTestStart getName: loginPositiveUserLombok
17:45:39.642 [Test worker] INFO  manager.TestNgListeners - TestNG event onTestStart getHost: null
17:45:39.642 [Test worker] INFO  manager.TestNgListeners - TestNG event onTestStart getTestContext: org.testng.TestRunner@7d986d83
17:45:40.899 [Test worker] INFO  manager.TestNgListeners - Test loginPositiveUserLombok  successful
17:45:40.900 [Test worker] INFO  manager.TestNgListeners - TestNG event onTestSuccess getTestContext: org.testng.TestRunner@7d986d83
17:45:41.141 [Test worker] INFO  tests.TestBase - flagNeedLogout = false
17:45:41.142 [Test worker] INFO  tests.TestBase - method info: loginPositiveUserLombok
17:45:41.143 [Test worker] INFO  tests.TestBase - ================================================================================================================
]]></system-out>
  <system-err><![CDATA[]]></system-err>
</testsuite>
